<?xml version="1.0" encoding="UTF-8"?>
<!-- Generated by org.testng.reporters.JUnitXMLReporter -->
<testsuite hostname="DESKTOP-J7V6JHG" ignored="0" name="Default test" tests="3" failures="0" timestamp="16 Dec 2020 05:02:11 GMT" time="38.367" errors="0">
  <testcase name="registration" time="7.766" classname="com.cjc.mevan1.POM_Demo"/>
  <testcase name="loginCheck" time="7.234" classname="com.cjc.mevan1.POM_Demo"/>
  <testcase name="flightRegistration" time="8.578" classname="com.cjc.mevan1.POM_Demo"/>
</testsuite> <!-- Default test -->
