<?xml version="1.0" encoding="UTF-8"?>
<testng-results skipped="0" failed="0" ignored="0" total="3" passed="3">
  <reporter-output>
  </reporter-output>
  <suite name="Default suite" duration-ms="38367" started-at="2020-12-16T05:01:32Z" finished-at="2020-12-16T05:02:11Z">
    <groups>
    </groups>
    <test name="Default test" duration-ms="38367" started-at="2020-12-16T05:01:32Z" finished-at="2020-12-16T05:02:11Z">
      <class name="com.cjc.mevan1.POM_Demo">
        <test-method status="PASS" signature="openBrowser()[pri:0, instance:com.cjc.mevan1.POM_Demo@3a5ed7a6]" name="openBrowser" is-config="true" duration-ms="4009" started-at="2020-12-16T10:31:28Z" finished-at="2020-12-16T10:31:32Z">
          <reporter-output>
          </reporter-output>
        </test-method> <!-- openBrowser -->
        <test-method status="PASS" signature="enterUrl()[pri:0, instance:com.cjc.mevan1.POM_Demo@3a5ed7a6]" name="enterUrl" is-config="true" duration-ms="5566" started-at="2020-12-16T10:31:32Z" finished-at="2020-12-16T10:31:38Z">
          <reporter-output>
          </reporter-output>
        </test-method> <!-- enterUrl -->
        <test-method status="PASS" signature="maximizeBrowser()[pri:0, instance:com.cjc.mevan1.POM_Demo@3a5ed7a6]" name="maximizeBrowser" is-config="true" duration-ms="7721" started-at="2020-12-16T10:31:38Z" finished-at="2020-12-16T10:31:46Z">
          <reporter-output>
          </reporter-output>
        </test-method> <!-- maximizeBrowser -->
        <test-method status="PASS" signature="getAllCookies()[pri:0, instance:com.cjc.mevan1.POM_Demo@3a5ed7a6]" name="getAllCookies" is-config="true" duration-ms="29" started-at="2020-12-16T10:31:46Z" finished-at="2020-12-16T10:31:46Z">
          <reporter-output>
          </reporter-output>
        </test-method> <!-- getAllCookies -->
        <test-method status="PASS" signature="registration(java.lang.String, java.lang.String, java.lang.String, java.lang.String, java.lang.String, java.lang.String, java.lang.String, java.lang.String, java.lang.String, java.lang.String, java.lang.String, java.lang.String)[pri:1, instance:com.cjc.mevan1.POM_Demo@3a5ed7a6]" name="registration" duration-ms="7766" started-at="2020-12-16T10:31:46Z" data-provider="registrationData" finished-at="2020-12-16T10:31:53Z">
          <params>
            <param index="0">
              <value>
                <![CDATA[Tanmay]]>
              </value>
            </param>
            <param index="1">
              <value>
                <![CDATA[Kashettiwar]]>
              </value>
            </param>
            <param index="2">
              <value>
                <![CDATA[8888373380]]>
              </value>
            </param>
            <param index="3">
              <value>
                <![CDATA[iamuser100@gmail.com]]>
              </value>
            </param>
            <param index="4">
              <value>
                <![CDATA[Madhuban Society]]>
              </value>
            </param>
            <param index="5">
              <value>
                <![CDATA[Yavatmal]]>
              </value>
            </param>
            <param index="6">
              <value>
                <![CDATA[Maharashtra]]>
              </value>
            </param>
            <param index="7">
              <value>
                <![CDATA[445001]]>
              </value>
            </param>
            <param index="8">
              <value>
                <![CDATA[INDIA]]>
              </value>
            </param>
            <param index="9">
              <value>
                <![CDATA[iamuser100@gmail.com]]>
              </value>
            </param>
            <param index="10">
              <value>
                <![CDATA[Trial@123]]>
              </value>
            </param>
            <param index="11">
              <value>
                <![CDATA[Trial@123]]>
              </value>
            </param>
          </params>
          <reporter-output>
          </reporter-output>
        </test-method> <!-- registration -->
        <test-method status="PASS" signature="captureScreenShot()[pri:0, instance:com.cjc.mevan1.POM_Demo@3a5ed7a6]" name="captureScreenShot" is-config="true" duration-ms="528" started-at="2020-12-16T10:31:53Z" finished-at="2020-12-16T10:31:54Z">
          <reporter-output>
          </reporter-output>
        </test-method> <!-- captureScreenShot -->
        <test-method status="PASS" signature="getAllCookies()[pri:0, instance:com.cjc.mevan1.POM_Demo@3a5ed7a6]" name="getAllCookies" is-config="true" duration-ms="21" started-at="2020-12-16T10:31:54Z" finished-at="2020-12-16T10:31:54Z">
          <reporter-output>
          </reporter-output>
        </test-method> <!-- getAllCookies -->
        <test-method status="PASS" signature="loginCheck(java.lang.String, java.lang.String)[pri:2, instance:com.cjc.mevan1.POM_Demo@3a5ed7a6]" name="loginCheck" duration-ms="7234" started-at="2020-12-16T10:31:54Z" data-provider="loginData" finished-at="2020-12-16T10:32:01Z">
          <params>
            <param index="0">
              <value>
                <![CDATA[iamuser100@gmail.com]]>
              </value>
            </param>
            <param index="1">
              <value>
                <![CDATA[Test@123]]>
              </value>
            </param>
          </params>
          <reporter-output>
          </reporter-output>
        </test-method> <!-- loginCheck -->
        <test-method status="PASS" signature="captureScreenShot()[pri:0, instance:com.cjc.mevan1.POM_Demo@3a5ed7a6]" name="captureScreenShot" is-config="true" duration-ms="432" started-at="2020-12-16T10:32:01Z" finished-at="2020-12-16T10:32:02Z">
          <reporter-output>
          </reporter-output>
        </test-method> <!-- captureScreenShot -->
        <test-method status="PASS" signature="getAllCookies()[pri:0, instance:com.cjc.mevan1.POM_Demo@3a5ed7a6]" name="getAllCookies" is-config="true" duration-ms="23" started-at="2020-12-16T10:32:02Z" finished-at="2020-12-16T10:32:02Z">
          <reporter-output>
          </reporter-output>
        </test-method> <!-- getAllCookies -->
        <test-method status="PASS" signature="flightRegistration(java.lang.String, java.lang.String, java.lang.String, java.lang.String, java.lang.String, java.lang.String, java.lang.String, java.lang.String)[pri:3, instance:com.cjc.mevan1.POM_Demo@3a5ed7a6]" name="flightRegistration" duration-ms="8578" started-at="2020-12-16T10:32:02Z" data-provider="flightData" finished-at="2020-12-16T10:32:10Z">
          <params>
            <param index="0">
              <value>
                <![CDATA[2]]>
              </value>
            </param>
            <param index="1">
              <value>
                <![CDATA[New York]]>
              </value>
            </param>
            <param index="2">
              <value>
                <![CDATA[12]]>
              </value>
            </param>
            <param index="3">
              <value>
                <![CDATA[24]]>
              </value>
            </param>
            <param index="4">
              <value>
                <![CDATA[Frankfurt]]>
              </value>
            </param>
            <param index="5">
              <value>
                <![CDATA[12]]>
              </value>
            </param>
            <param index="6">
              <value>
                <![CDATA[26]]>
              </value>
            </param>
            <param index="7">
              <value>
                <![CDATA[Pangea Airlines]]>
              </value>
            </param>
          </params>
          <reporter-output>
          </reporter-output>
        </test-method> <!-- flightRegistration -->
        <test-method status="PASS" signature="captureScreenShot()[pri:0, instance:com.cjc.mevan1.POM_Demo@3a5ed7a6]" name="captureScreenShot" is-config="true" duration-ms="439" started-at="2020-12-16T10:32:10Z" finished-at="2020-12-16T10:32:11Z">
          <reporter-output>
          </reporter-output>
        </test-method> <!-- captureScreenShot -->
        <test-method status="PASS" signature="dbConnectionClose()[pri:0, instance:com.cjc.mevan1.POM_Demo@3a5ed7a6]" name="dbConnectionClose" is-config="true" duration-ms="0" started-at="2020-12-16T10:32:11Z" finished-at="2020-12-16T10:32:11Z">
          <reporter-output>
          </reporter-output>
        </test-method> <!-- dbConnectionClose -->
        <test-method status="PASS" signature="closeBroswer()[pri:0, instance:com.cjc.mevan1.POM_Demo@3a5ed7a6]" name="closeBroswer" is-config="true" duration-ms="0" started-at="2020-12-16T10:32:11Z" finished-at="2020-12-16T10:32:11Z">
          <reporter-output>
          </reporter-output>
        </test-method> <!-- closeBroswer -->
      </class> <!-- com.cjc.mevan1.POM_Demo -->
    </test> <!-- Default test -->
  </suite> <!-- Default suite -->
</testng-results>
